1 1.79399 1.79399 0
2 1.81002 1.80201 0.00801405
3 1.84037 1.81479 0.0135978
4 1.85065 1.82376 0.0131461
5 1.82335 1.82368 0.0101832
6 1.87016 1.83142 0.0113642
7 1.86732 1.83655 0.0108876
8 1.81246 1.83354 0.00989813
9 1.8176 1.83177 0.0089072
10 1.85473 1.83406 0.00829108
11 1.86642 1.83701 0.00805592
12 1.81174 1.8349 0.00764953
13 1.82142 1.83386 0.00711256
14 1.77049 1.82934 0.00799092
15 1.77028 1.8254 0.00841676
16 1.79797 1.82368 0.00805766
17 1.82941 1.82402 0.00757634
18 1.84973 1.82545 0.00728442
19 1.86669 1.82762 0.0072242
20 1.9144 1.83196 0.00811162
21 1.91791 1.83605 0.00873397
22 1.86857 1.83753 0.00845766
23 1.89224 1.83991 0.00842434
24 1.84082 1.83995 0.00806579
25 1.78365 1.83769 0.00805755
26 1.80727 1.83652 0.00782936
27 1.80759 1.83545 0.00760964
28 1.79578 1.83404 0.00746845
29 1.80472 1.83302 0.0072769
30 1.81133 1.8323 0.00706725
31 1.80837 1.83153 0.00687893
32 1.80645 1.83075 0.00670643
33 1.84597 1.83121 0.00651638
34 1.84577 1.83164 0.00633631
35 1.80941 1.831 0.00618529
36 1.80926 1.8304 0.00604129
37 1.79702 1.82949 0.00594458
38 1.79766 1.82866 0.00584634
39 1.8256 1.82858 0.00569501
40 1.79666 1.82778 0.00560788
41 1.80974 1.82734 0.00548706
42 1.7936 1.82654 0.00541474
43 1.80625 1.82607 0.00530833
44 1.81824 1.82589 0.00518933
45 1.81129 1.82556 0.00508306
46 1.80885 1.8252 0.00498459
47 1.81658 1.82502 0.00488082
48 1.81427 1.82479 0.0047833
49 1.85161 1.82534 0.00471654
50 1.82508 1.82533 0.00462125
51 1.82622 1.82535 0.00452976
52 1.85694 1.82596 0.00448315
53 1.88582 1.82709 0.00454047
54 1.84358 1.82739 0.00446604
55 1.78929 1.8267 0.00443849
56 1.82008 1.82658 0.00436012
57 1.80361 1.82618 0.00430186
58 1.80781 1.82586 0.00423889
59 1.87356 1.82667 0.00424414
60 1.86329 1.82728 0.00421719
61 1.84875 1.82763 0.00416239
62 1.86317 1.82821 0.00413461
63 1.82008 1.82808 0.0040705
64 1.81785 1.82792 0.00400959
65 1.79188 1.82736 0.00398616
66 1.77663 1.8266 0.00399987
67 1.77561 1.82583 0.00401252
68 1.78484 1.82523 0.00399879
69 1.77698 1.82453 0.00400198
70 1.75997 1.82361 0.0040508
71 1.76098 1.82273 0.00408961
72 1.78379 1.82219 0.0040685
73 1.83895 1.82242 0.00401895
74 1.8165 1.82234 0.00396507
75 1.83866 1.82255 0.0039179
76 1.84567 1.82286 0.00387795
77 1.81523 1.82276 0.00382854
78 1.79029 1.82234 0.00380199
79 1.79246 1.82196 0.00377256
80 1.77597 1.82139 0.00376922
81 1.77016 1.82076 0.00377574
82 1.77411 1.82019 0.00377254
83 1.76411 1.81951 0.00378756
84 1.79552 1.81923 0.00375308
85 1.79575 1.81895 0.00371893
86 1.80616 1.8188 0.00367845
87 1.79 1.81847 0.00365096
88 1.85611 1.8189 0.00363449
89 1.90407 1.81986 0.00371867
90 1.91807 1.82095 0.00383562
91 1.86001 1.82138 0.00381745
92 1.82528 1.82142 0.00377597
93 1.79425 1.82113 0.00374655
94 1.79398 1.82084 0.00371771
95 1.84641 1.82111 0.0036882
96 1.86605 1.82158 0.00367949
97 1.83978 1.82176 0.00364619
98 1.85193 1.82207 0.0036219
99 1.82746 1.82213 0.00358554
100 1.83147 1.82222 0.00355073
