1 -0.358389 -0.358389 0
2 -0.374393 -0.366391 0.00800242
3 -0.404708 -0.379163 0.0135823
4 -0.41499 -0.38812 0.0131324
5 -0.387721 -0.38804 0.0101727
6 -0.434583 -0.395797 0.011365
7 -0.431685 -0.400924 0.0108878
8 -0.376756 -0.397903 0.0099012
9 -0.381875 -0.396122 0.0089118
10 -0.419026 -0.398413 0.0082935
11 -0.430746 -0.401352 0.00805707
12 -0.376081 -0.399246 0.00765061
13 -0.385795 -0.398211 0.00711319
14 -0.334879 -0.393688 0.00798957
15 -0.334658 -0.389752 0.0084148
16 -0.3623 -0.388037 0.00805615
17 -0.393689 -0.388369 0.00757474
18 -0.414041 -0.389795 0.00728255
19 -0.431017 -0.391965 0.00722219
20 -0.478759 -0.396305 0.0081103
21 -0.482223 -0.400396 0.00873222
22 -0.432842 -0.401871 0.00845546
23 -0.456495 -0.404246 0.0084213
24 -0.405046 -0.404279 0.00806285
25 -0.347901 -0.402024 0.0080557
26 -0.371572 -0.400853 0.00782779
27 -0.371909 -0.399781 0.00760819
28 -0.360042 -0.398362 0.00746754
29 -0.368982 -0.397348 0.00727631
30 -0.37558 -0.396623 0.00706693
31 -0.372672 -0.39585 0.00687869
32 -0.370776 -0.395067 0.0067062
33 -0.410284 -0.395528 0.00651614
34 -0.410111 -0.395957 0.00633612
35 -0.373734 -0.395322 0.0061851
36 -0.373577 -0.394718 0.00604111
37 -0.361349 -0.393816 0.00594438
38 -0.361992 -0.392978 0.00584613
39 -0.389951 -0.392901 0.00569479
40 -0.360996 -0.392103 0.00560761
41 -0.374063 -0.391663 0.0054868
42 -0.357911 -0.390859 0.00541454
43 -0.370541 -0.390387 0.00530819
44 -0.382528 -0.390208 0.00518922
45 -0.375574 -0.389883 0.00508301
46 -0.373096 -0.389518 0.00498466
47 -0.380856 -0.389334 0.00488093
48 -0.378555 -0.389109 0.00478344
49 -0.415959 -0.389657 0.00471673
50 -0.389441 -0.389653 0.00462144
51 -0.390576 -0.389671 0.00452995
52 -0.421271 -0.390279 0.00448336
53 -0.450109 -0.391408 0.00454053
54 -0.40788 -0.391713 0.00446608
55 -0.3536 -0.39102 0.00443855
56 -0.38447 -0.390903 0.00436014
57 -0.368029 -0.390501 0.00430172
58 -0.372198 -0.390186 0.00423867
59 -0.437884 -0.390994 0.00424392
60 -0.427586 -0.391604 0.00421692
61 -0.413079 -0.391956 0.00416213
62 -0.427534 -0.39253 0.00413446
63 -0.38448 -0.392402 0.00407032
64 -0.382277 -0.392244 0.00400933
65 -0.356299 -0.391691 0.00398572
66 -0.341068 -0.390924 0.00399911
67 -0.340008 -0.390164 0.00401161
68 -0.349202 -0.389562 0.00399782
69 -0.341363 -0.388863 0.0040009
70 -0.32438 -0.387942 0.0040495
71 -0.325416 -0.387061 0.00408804
72 -0.3482 -0.386522 0.00406684
73 -0.403389 -0.386753 0.00401739
74 -0.380912 -0.386674 0.00396352
75 -0.403056 -0.386892 0.00391641
76 -0.410014 -0.387196 0.00387649
77 -0.379573 -0.387097 0.0038271
78 -0.354624 -0.386681 0.00380058
79 -0.35675 -0.386302 0.00377125
80 -0.34031 -0.385727 0.00376792
81 -0.334539 -0.385095 0.0037744
82 -0.338471 -0.384527 0.00377119
83 -0.328469 -0.383851 0.00378621
84 -0.359867 -0.383566 0.00375174
85 -0.360108 -0.38329 0.0037176
86 -0.370515 -0.383141 0.00367712
87 -0.354347 -0.38281 0.00364964
88 -0.420392 -0.383237 0.00363312
89 -0.468294 -0.384193 0.00371703
90 -0.482335 -0.385284 0.00383385
91 -0.424307 -0.385712 0.00381566
92 -0.389588 -0.385755 0.00377419
93 -0.358549 -0.385462 0.00374483
94 -0.358271 -0.385173 0.00371605
95 -0.410709 -0.385442 0.00368654
96 -0.430405 -0.38591 0.00367788
97 -0.404101 -0.386097 0.00364459
98 -0.416246 -0.386405 0.00362031
99 -0.391754 -0.386459 0.00358396
100 -0.39569 -0.386551 0.00354914
