1 1.19599 1.19599 0
2 1.20668 1.20134 0.0053427
3 1.22691 1.20986 0.00906521
4 1.23377 1.21584 0.00876405
5 1.21557 1.21578 0.00678882
6 1.24677 1.22095 0.00757617
7 1.24488 1.22437 0.00725837
8 1.20831 1.22236 0.00659875
9 1.21173 1.22118 0.00593813
10 1.23649 1.22271 0.00552739
11 1.24428 1.22467 0.00537061
12 1.20783 1.22327 0.00509969
13 1.21428 1.22258 0.00474171
14 1.18032 1.21956 0.00532728
15 1.18019 1.21693 0.00561117
16 1.19865 1.21579 0.00537177
17 1.21961 1.21601 0.00505089
18 1.23315 1.21697 0.00485628
19 1.24446 1.21841 0.00481613
20 1.27627 1.22131 0.00540774
21 1.2786 1.22403 0.00582265
22 1.24571 1.22502 0.00563844
23 1.26149 1.22661 0.00561623
24 1.22721 1.22663 0.00537719
25 1.1891 1.22513 0.0053717
26 1.20485 1.22435 0.00521957
27 1.20506 1.22364 0.00507309
28 1.19719 1.22269 0.00497897
29 1.20314 1.22202 0.00485126
30 1.20755 1.22153 0.0047115
31 1.20558 1.22102 0.00458595
32 1.2043 1.2205 0.00447096
33 1.23065 1.22081 0.00434426
34 1.23051 1.22109 0.0042242
35 1.20627 1.22067 0.00412352
36 1.20617 1.22026 0.00402753
37 1.19801 1.21966 0.00396305
38 1.19844 1.2191 0.00389756
39 1.21706 1.21905 0.00379667
40 1.19777 1.21852 0.00373859
41 1.20649 1.21823 0.00365804
42 1.19574 1.21769 0.00360982
43 1.20416 1.21738 0.00353889
44 1.21216 1.21726 0.00345955
45 1.20753 1.21704 0.0033887
46 1.2059 1.2168 0.00332306
47 1.21106 1.21668 0.00325388
48 1.20951 1.21653 0.00318887
49 1.23441 1.21689 0.00314436
50 1.21672 1.21689 0.00308083
51 1.21748 1.2169 0.00301984
52 1.23796 1.21731 0.00298877
53 1.25721 1.21806 0.00302698
54 1.22905 1.21826 0.00297736
55 1.19286 1.2178 0.002959
56 1.21338 1.21772 0.00290675
57 1.20241 1.21745 0.00286791
58 1.20521 1.21724 0.00282593
59 1.24904 1.21778 0.00282942
60 1.24219 1.21819 0.00281146
61 1.2325 1.21842 0.00277493
62 1.24211 1.2188 0.00275641
63 1.21338 1.21872 0.00271367
64 1.2119 1.21861 0.00267306
65 1.19459 1.21824 0.00265744
66 1.18442 1.21773 0.00266658
67 1.18374 1.21722 0.00267501
68 1.18989 1.21682 0.00266586
69 1.18465 1.21635 0.00266799
70 1.17331 1.21574 0.00270053
71 1.17399 1.21515 0.0027264
72 1.1892 1.21479 0.00271234
73 1.22596 1.21494 0.0026793
74 1.211 1.21489 0.00264338
75 1.22578 1.21504 0.00261193
76 1.23045 1.21524 0.0025853
77 1.21015 1.21517 0.00255236
78 1.19353 1.2149 0.00253466
79 1.19498 1.21464 0.00251504
80 1.18398 1.21426 0.00251281
81 1.18011 1.21384 0.00251716
82 1.18274 1.21346 0.00251502
83 1.17607 1.21301 0.00252504
84 1.19702 1.21282 0.00250205
85 1.19716 1.21263 0.00247929
86 1.2041 1.21253 0.0024523
87 1.19334 1.21231 0.00243397
88 1.23741 1.2126 0.00242299
89 1.26938 1.21324 0.00247911
90 1.27871 1.21396 0.00255708
91 1.24001 1.21425 0.00254497
92 1.21685 1.21428 0.00251731
93 1.19617 1.21408 0.0024977
94 1.19599 1.21389 0.00247848
95 1.23094 1.21407 0.0024588
96 1.24403 1.21438 0.00245299
97 1.22652 1.21451 0.00243079
98 1.23462 1.21471 0.0024146
99 1.2183 1.21475 0.00239036
100 1.22098 1.21481 0.00236715
