1 1.4356 1.4356 0
2 1.43563 1.43562 1.16283e-05
3 1.43566 1.43563 1.56361e-05
4 1.43566 1.43564 1.37601e-05
5 1.43563 1.43564 1.07675e-05
6 1.43557 1.43563 1.35695e-05
7 1.43563 1.43563 1.14908e-05
8 1.4357 1.43564 1.3774e-05
9 1.43572 1.43565 1.55739e-05
10 1.4357 1.43565 1.49974e-05
11 1.43568 1.43565 1.37811e-05
12 1.43566 1.43565 1.25833e-05
13 1.43562 1.43565 1.18249e-05
14 1.43561 1.43565 1.1417e-05
15 1.43562 1.43565 1.07814e-05
16 1.43567 1.43565 1.01741e-05
17 1.43572 1.43565 1.04512e-05
18 1.43569 1.43565 1.00481e-05
19 1.43567 1.43566 9.56781e-06
20 1.43564 1.43565 9.09391e-06
21 1.43568 1.43566 8.75954e-06
22 1.43573 1.43566 8.94309e-06
23 1.43574 1.43566 9.28293e-06
24 1.43578 1.43567 1.00657e-05
25 1.43574 1.43567 1.01254e-05
26 1.4357 1.43567 9.80297e-06
27 1.43568 1.43567 9.43898e-06
28 1.43574 1.43567 9.41611e-06
29 1.43573 1.43568 9.31046e-06
30 1.43575 1.43568 9.31748e-06
31 1.4357 1.43568 9.03106e-06
32 1.43568 1.43568 8.74432e-06
33 1.43569 1.43568 8.47819e-06
34 1.43566 1.43568 8.2542e-06
35 1.43568 1.43568 8.015e-06
36 1.43568 1.43568 7.78918e-06
37 1.43567 1.43568 7.57777e-06
38 1.43567 1.43568 7.37716e-06
39 1.43564 1.43568 7.23907e-06
40 1.43566 1.43568 7.06736e-06
41 1.43568 1.43568 6.89288e-06
42 1.43569 1.43568 6.73741e-06
43 1.4357 1.43568 6.60776e-06
44 1.43571 1.43568 6.50903e-06
45 1.43572 1.43568 6.42503e-06
46 1.43575 1.43568 6.4806e-06
47 1.43573 1.43568 6.42192e-06
48 1.43571 1.43568 6.31325e-06
49 1.43565 1.43568 6.20999e-06
50 1.43564 1.43568 6.15116e-06
51 1.43564 1.43568 6.07762e-06
52 1.43567 1.43568 5.96171e-06
53 1.43571 1.43568 5.87516e-06
54 1.4357 1.43568 5.77149e-06
55 1.43569 1.43568 5.66723e-06
56 1.43561 1.43568 5.72809e-06
57 1.43558 1.43568 5.88279e-06
58 1.43561 1.43568 5.89554e-06
59 1.43568 1.43568 5.79475e-06
60 1.4357 1.43568 5.71135e-06
61 1.43568 1.43568 5.61703e-06
62 1.43563 1.43568 5.57584e-06
63 1.4356 1.43568 5.63779e-06
64 1.43557 1.43567 5.79004e-06
65 1.43558 1.43567 5.87911e-06
66 1.43556 1.43567 6.03472e-06
67 1.43561 1.43567 6.02025e-06
68 1.43563 1.43567 5.9557e-06
69 1.43562 1.43567 5.91895e-06
70 1.43559 1.43567 5.94939e-06
71 1.43556 1.43567 6.0436e-06
72 1.43559 1.43567 6.04739e-06
73 1.43556 1.43566 6.14315e-06
74 1.43559 1.43566 6.149e-06
75 1.43561 1.43566 6.11037e-06
76 1.43565 1.43566 6.03017e-06
77 1.43565 1.43566 5.95206e-06
78 1.43567 1.43566 5.87605e-06
79 1.43571 1.43566 5.83679e-06
80 1.43566 1.43566 5.76375e-06
81 1.43562 1.43566 5.71345e-06
82 1.43564 1.43566 5.64792e-06
83 1.43564 1.43566 5.58513e-06
84 1.43566 1.43566 5.5184e-06
85 1.43564 1.43566 5.45997e-06
86 1.43564 1.43566 5.40104e-06
87 1.43566 1.43566 5.33882e-06
88 1.43572 1.43566 5.32394e-06
89 1.43578 1.43566 5.42132e-06
90 1.43573 1.43566 5.41366e-06
91 1.43571 1.43566 5.37449e-06
92 1.43569 1.43566 5.3228e-06
93 1.4357 1.43566 5.27819e-06
94 1.43571 1.43567 5.24467e-06
95 1.4357 1.43567 5.20016e-06
96 1.43564 1.43567 5.15044e-06
97 1.43568 1.43567 5.10029e-06
98 1.43568 1.43567 5.05014e-06
99 1.4357 1.43567 5.01295e-06
100 1.43578 1.43567 5.09008e-06
