1 -6.65832 -6.65832 0
2 -6.66324 -6.66078 0.00245894
3 -6.65114 -6.65757 0.00351166
4 -6.66056 -6.65831 0.00259354
5 -6.65795 -6.65824 0.00201028
6 -6.66671 -6.65965 0.00216523
7 -6.65652 -6.65921 0.00188395
8 -6.65659 -6.65888 0.00166398
9 -6.66276 -6.65931 0.00152939
10 -6.65827 -6.65921 0.00137189
11 -6.66044 -6.65932 0.00124595
12 -6.66261 -6.65959 0.00116999
13 -6.6483 -6.65872 0.00138321
14 -6.67198 -6.65967 0.00159263
15 -6.64743 -6.65885 0.00169246
16 -6.65872 -6.65884 0.00158317
17 -6.66427 -6.65916 0.00152102
18 -6.6473 -6.65851 0.00157818
19 -6.66801 -6.65901 0.00157444
20 -6.6631 -6.65921 0.00150763
21 -6.64305 -6.65844 0.00162753
22 -6.66466 -6.65872 0.00157733
23 -6.66382 -6.65895 0.00152342
24 -6.65925 -6.65896 0.00145862
25 -6.65628 -6.65885 0.00140316
26 -6.65451 -6.65868 0.00135842
27 -6.65503 -6.65855 0.00131414
28 -6.65482 -6.65842 0.00127332
29 -6.66571 -6.65867 0.00125414
30 -6.65879 -6.65867 0.00121163
31 -6.65506 -6.65855 0.00117768
32 -6.65382 -6.65841 0.00114984
33 -6.65628 -6.65834 0.00111632
34 -6.6559 -6.65827 0.00108537
35 -6.65166 -6.65808 0.0010707
36 -6.66924 -6.65839 0.00108569
37 -6.63814 -6.65784 0.00118938
38 -6.67502 -6.6583 0.00124279
39 -6.65287 -6.65816 0.00121846
40 -6.65782 -6.65815 0.00118764
41 -6.66558 -6.65833 0.0011724
42 -6.65475 -6.65824 0.00114732
43 -6.65767 -6.65823 0.0011204
44 -6.66296 -6.65834 0.00109991
45 -6.65996 -6.65837 0.00107579
46 -6.66698 -6.65856 0.00106865
47 -6.65242 -6.65843 0.00105379
48 -6.66497 -6.65857 0.00104056
49 -6.64967 -6.65839 0.00103515
50 -6.67382 -6.65869 0.00106019
51 -6.64348 -6.6584 0.00108114
52 -6.65789 -6.65839 0.00106019
53 -6.65369 -6.6583 0.00104377
54 -6.65967 -6.65832 0.00102457
55 -6.66701 -6.65848 0.00101809
56 -6.65214 -6.65837 0.00100615
57 -6.66772 -6.65853 0.00100186
58 -6.65812 -6.65852 0.000984457
59 -6.65649 -6.65849 0.00096824
60 -6.66152 -6.65854 0.000953305
61 -6.65682 -6.65851 0.000937969
62 -6.65701 -6.65849 0.000923036
63 -6.6659 -6.65861 0.000915858
64 -6.67112 -6.6588 0.000922384
65 -6.6482 -6.65864 0.000922602
66 -6.67323 -6.65886 0.000935018
67 -6.64375 -6.65863 0.00094818
68 -6.64727 -6.65847 0.000948976
69 -6.6587 -6.65847 0.000935128
70 -6.65604 -6.65844 0.000922324
71 -6.66004 -6.65846 0.000909521
72 -6.65925 -6.65847 0.000896867
73 -6.65242 -6.65839 0.000888368
74 -6.66801 -6.65852 0.000885882
75 -6.65155 -6.65842 0.000878913
76 -6.66157 -6.65846 0.000868257
77 -6.65243 -6.65839 0.000860483
78 -6.65232 -6.65831 0.000852938
79 -6.66032 -6.65833 0.000842456
80 -6.66523 -6.65842 0.00083631
81 -6.66388 -6.65849 0.000828672
82 -6.64673 -6.65834 0.000830975
83 -6.66746 -6.65845 0.000828214
84 -6.65007 -6.65835 0.000824364
85 -6.67019 -6.65849 0.000826421
86 -6.65363 -6.65844 0.000818708
87 -6.65728 -6.65842 0.000809353
88 -6.66625 -6.65851 0.000805035
89 -6.66362 -6.65857 0.000798007
90 -6.65888 -6.65857 0.000789098
91 -6.6526 -6.65851 0.000783131
92 -6.66901 -6.65862 0.000782937
93 -6.64428 -6.65847 0.000789671
94 -6.66864 -6.65858 0.00078869
95 -6.65606 -6.65855 0.000780793
96 -6.65288 -6.65849 0.000774871
97 -6.66323 -6.65854 0.000768395
98 -6.65655 -6.65852 0.000760784
99 -6.65487 -6.65848 0.00075396
100 -6.65725 -6.65847 0.000746485
