1 -5.45509 -5.45509 0
2 -5.45589 -5.45549 0.000396956
3 -5.4541 -5.45503 0.000517088
4 -5.45393 -5.45475 0.000457299
5 -5.45532 -5.45487 0.000372127
6 -5.45682 -5.45519 0.000445334
7 -5.45573 -5.45527 0.00038404
8 -5.45621 -5.45539 0.000352965
9 -5.45642 -5.4555 0.000331778
10 -5.4561 -5.45556 0.000302729
11 -5.45599 -5.4556 0.000276579
12 -5.45432 -5.45549 0.000274196
13 -5.4559 -5.45552 0.000254194
14 -5.45612 -5.45557 0.000239165
15 -5.45596 -5.45559 0.000224204
16 -5.45635 -5.45564 0.000215053
17 -5.45582 -5.45565 0.00020229
18 -5.45575 -5.45566 0.000190793
19 -5.45607 -5.45568 0.000181804
20 -5.4559 -5.45569 0.000172819
21 -5.45525 -5.45567 0.000165724
22 -5.45519 -5.45565 0.000159489
23 -5.45646 -5.45568 0.000156485
24 -5.45599 -5.45569 0.000150366
25 -5.45498 -5.45567 0.000147028
26 -5.45662 -5.4557 0.000145953
27 -5.45601 -5.45571 0.000140908
28 -5.4569 -5.45576 0.000142219
29 -5.45513 -5.45573 0.000138937
30 -5.45605 -5.45575 0.000134628
31 -5.45677 -5.45578 0.000134337
32 -5.45583 -5.45578 0.000130083
33 -5.45596 -5.45579 0.000126199
34 -5.45543 -5.45577 0.000122885
35 -5.45523 -5.45576 0.000120351
36 -5.45543 -5.45575 0.000117321
37 -5.457 -5.45578 0.000119021
38 -5.45632 -5.4558 0.00011671
39 -5.45544 -5.45579 0.000114058
40 -5.45648 -5.45581 0.000112487
41 -5.45616 -5.45581 0.000110051
42 -5.45477 -5.45579 0.000110221
43 -5.45585 -5.45579 0.000107638
44 -5.45704 -5.45582 0.00010891
45 -5.45668 -5.45584 0.000108178
46 -5.4554 -5.45583 0.000106235
47 -5.45675 -5.45585 0.000105782
48 -5.45531 -5.45584 0.000104167
49 -5.4559 -5.45584 0.000102027
50 -5.45637 -5.45585 0.00010052
51 -5.45442 -5.45582 0.000102435
52 -5.4561 -5.45583 0.000100591
53 -5.45473 -5.45581 0.000100818
54 -5.45674 -5.45582 0.000100426
55 -5.45702 -5.45585 0.000100958
56 -5.45612 -5.45585 9.92616e-05
57 -5.4551 -5.45584 9.83901e-05
58 -5.45692 -5.45586 9.84814e-05
59 -5.45447 -5.45583 9.96017e-05
60 -5.45505 -5.45582 9.88022e-05
61 -5.45541 -5.45581 9.74049e-05
62 -5.45672 -5.45583 9.69257e-05
63 -5.45679 -5.45584 9.6601e-05
64 -5.45571 -5.45584 9.51036e-05
65 -5.45615 -5.45584 9.37489e-05
66 -5.45577 -5.45584 9.23252e-05
67 -5.45604 -5.45585 9.09855e-05
68 -5.45469 -5.45583 9.12366e-05
69 -5.45463 -5.45581 9.15616e-05
70 -5.45609 -5.45582 9.03282e-05
71 -5.45592 -5.45582 8.90585e-05
72 -5.4562 -5.45582 8.79722e-05
73 -5.45577 -5.45582 8.67617e-05
74 -5.455 -5.45581 8.6305e-05
75 -5.45548 -5.45581 8.52589e-05
76 -5.45758 -5.45583 8.73199e-05
77 -5.45578 -5.45583 8.61807e-05
78 -5.45523 -5.45582 8.54142e-05
79 -5.45606 -5.45582 8.43806e-05
80 -5.45579 -5.45582 8.33203e-05
81 -5.45624 -5.45583 8.24447e-05
82 -5.45622 -5.45583 8.15724e-05
83 -5.45675 -5.45585 8.13425e-05
84 -5.45645 -5.45585 8.06859e-05
85 -5.45605 -5.45585 7.97655e-05
86 -5.45653 -5.45586 7.92199e-05
87 -5.45688 -5.45587 7.91762e-05
88 -5.45694 -5.45589 7.91984e-05
89 -5.45711 -5.4559 7.95076e-05
90 -5.45589 -5.4559 7.86194e-05
91 -5.4552 -5.45589 7.81343e-05
92 -5.45489 -5.45588 7.80446e-05
93 -5.45509 -5.45587 7.76677e-05
94 -5.45644 -5.45588 7.70733e-05
95 -5.45666 -5.45589 7.66952e-05
96 -5.45537 -5.45588 7.60807e-05
97 -5.45516 -5.45587 7.56613e-05
98 -5.45571 -5.45587 7.49041e-05
99 -5.45514 -5.45587 7.45139e-05
100 -5.45474 -5.45585 7.4624e-05
