1 1.20323 1.20323 0
2 1.20735 1.20529 0.00206198
3 1.19704 1.20254 0.00299513
4 1.20663 1.20356 0.00235216
5 1.20263 1.20338 0.00183158
6 1.2099 1.20446 0.00184852
7 1.20079 1.20394 0.00164787
8 1.20038 1.20349 0.0014949
9 1.20634 1.20381 0.00135569
10 1.20217 1.20365 0.00122362
11 1.20445 1.20372 0.0011092
12 1.20829 1.2041 0.00108194
13 1.19239 1.2032 0.00134215
14 1.21586 1.2041 0.00153678
15 1.19147 1.20326 0.00166031
16 1.20236 1.2032 0.00155409
17 1.20845 1.20351 0.00149207
18 1.19156 1.20285 0.00155565
19 1.21194 1.20333 0.00154732
20 1.20721 1.20352 0.00148068
21 1.1878 1.20277 0.001595
22 1.20947 1.20308 0.00155094
23 1.20736 1.20326 0.00149363
24 1.20326 1.20326 0.00143004
25 1.2013 1.20318 0.0013739
26 1.19789 1.20298 0.00133563
27 1.19901 1.20283 0.00129358
28 1.19792 1.20266 0.00125881
29 1.21059 1.20293 0.00124502
30 1.20274 1.20293 0.00120282
31 1.19829 1.20278 0.00117296
32 1.19798 1.20263 0.00114554
33 1.20032 1.20256 0.00111249
34 1.20047 1.2025 0.00108101
35 1.19643 1.20232 0.00106387
36 1.21381 1.20264 0.00108201
37 1.18114 1.20206 0.00120219
38 1.2187 1.2025 0.00124937
39 1.19744 1.20237 0.00122381
40 1.20135 1.20234 0.0011931
41 1.20942 1.20252 0.00117636
42 1.19997 1.20245 0.0011496
43 1.20181 1.20244 0.00112265
44 1.20592 1.20252 0.00109969
45 1.20328 1.20254 0.00107511
46 1.21158 1.20273 0.00106972
47 1.19567 1.20258 0.00105743
48 1.20966 1.20273 0.00104562
49 1.19377 1.20255 0.00104027
50 1.21746 1.20285 0.00106198
51 1.18906 1.20257 0.00107545
52 1.20178 1.20256 0.00105468
53 1.19896 1.20249 0.00103681
54 1.20293 1.2025 0.00101746
55 1.20999 1.20264 0.00100803
56 1.19601 1.20252 0.000996905
57 1.21262 1.20269 0.000995163
58 1.2012 1.20267 0.000978195
59 1.20202 1.20266 0.000961535
60 1.20648 1.20272 0.000947513
61 1.20142 1.2027 0.000932096
62 1.20029 1.20266 0.000917762
63 1.20911 1.20276 0.000908857
64 1.21541 1.20296 0.000916108
65 1.19206 1.20279 0.000917376
66 1.21746 1.20302 0.000930302
67 1.1877 1.20279 0.000944386
68 1.19258 1.20264 0.000942438
69 1.20407 1.20266 0.000928911
70 1.19996 1.20262 0.000916356
71 1.20412 1.20264 0.000903605
72 1.20305 1.20265 0.000890985
73 1.19665 1.20256 0.000882525
74 1.21301 1.20271 0.000881898
75 1.19607 1.20262 0.00087455
76 1.20398 1.20263 0.000863154
77 1.19665 1.20256 0.00085541
78 1.19708 1.20249 0.000847282
79 1.20426 1.20251 0.000836788
80 1.20944 1.2026 0.000830788
81 1.20765 1.20266 0.000822832
82 1.19051 1.20251 0.000826136
83 1.2107 1.20261 0.000822071
84 1.19362 1.2025 0.000819243
85 1.21414 1.20264 0.000821039
86 1.19711 1.20257 0.000813983
87 1.20039 1.20255 0.000804962
88 1.20932 1.20263 0.000799469
89 1.20651 1.20267 0.000791639
90 1.20299 1.20267 0.000782802
91 1.19741 1.20262 0.000776311
92 1.21412 1.20274 0.000777941
93 1.18919 1.20259 0.000783199
94 1.2122 1.2027 0.000781536
95 1.1994 1.20266 0.000774043
96 1.19751 1.20261 0.000767818
97 1.20807 1.20267 0.000761944
98 1.20084 1.20265 0.000754359
99 1.19973 1.20262 0.000747279
100 1.20251 1.20262 0.000739769
