1 0.802151 0.802151 0
2 0.8049 0.803526 0.00137465
3 0.798029 0.801693 0.00199675
4 0.804422 0.802376 0.00156811
5 0.801751 0.802251 0.00122105
6 0.806597 0.802975 0.00123234
7 0.800529 0.802626 0.00109858
8 0.800252 0.802329 0.000996598
9 0.804224 0.80254 0.000903796
10 0.801446 0.80243 0.000815743
11 0.802965 0.802479 0.000739466
12 0.805529 0.802733 0.000721294
13 0.794929 0.802133 0.00089477
14 0.810572 0.802735 0.00102452
15 0.79431 0.802174 0.00110687
16 0.801577 0.802136 0.00103606
17 0.805634 0.802342 0.000994717
18 0.794372 0.801899 0.0010371
19 0.807959 0.802218 0.00103154
20 0.804805 0.802348 0.000987117
21 0.791867 0.801849 0.00106333
22 0.806313 0.802051 0.00103396
23 0.804907 0.802176 0.000995753
24 0.802176 0.802176 0.000953361
25 0.800866 0.802123 0.000915931
26 0.798592 0.801987 0.000890418
27 0.799343 0.80189 0.000862385
28 0.798614 0.801773 0.000839207
29 0.807059 0.801955 0.000830016
30 0.80183 0.801951 0.000801882
31 0.798858 0.801851 0.000781973
32 0.798657 0.801751 0.000763695
33 0.800213 0.801705 0.000741657
34 0.800315 0.801664 0.000720672
35 0.797621 0.801548 0.000709246
36 0.809206 0.801761 0.000721338
37 0.787424 0.801373 0.00080146
38 0.812466 0.801665 0.000832915
39 0.798292 0.801579 0.000815875
40 0.800897 0.801562 0.000795399
41 0.806278 0.801677 0.000784238
42 0.799981 0.801636 0.000766402
43 0.801209 0.801626 0.000748433
44 0.803949 0.801679 0.000733128
45 0.802187 0.801691 0.00071674
46 0.807723 0.801822 0.000713146
47 0.797116 0.801722 0.000704954
48 0.806441 0.80182 0.000697081
49 0.795845 0.801698 0.00069351
50 0.811638 0.801897 0.000707984
51 0.792709 0.801717 0.000716967
52 0.801189 0.801706 0.000703117
53 0.799306 0.801661 0.000691208
54 0.801954 0.801667 0.000678309
55 0.806659 0.801757 0.000672021
56 0.797343 0.801679 0.000664603
57 0.808412 0.801797 0.000663442
58 0.800798 0.801779 0.00065213
59 0.801348 0.801772 0.000641023
60 0.804318 0.801815 0.000631676
61 0.800946 0.8018 0.000621397
62 0.800194 0.801774 0.000611841
63 0.806073 0.801843 0.000605905
64 0.810274 0.801974 0.000610739
65 0.794704 0.801863 0.000611584
66 0.811641 0.802011 0.000620202
67 0.791802 0.801858 0.000629591
68 0.79505 0.801758 0.000628292
69 0.802713 0.801772 0.000619274
70 0.799973 0.801746 0.000610904
71 0.802748 0.80176 0.000602403
72 0.802032 0.801764 0.00059399
73 0.797767 0.801709 0.00058835
74 0.808676 0.801804 0.000587932
75 0.797378 0.801745 0.000583034
76 0.802656 0.801757 0.000575436
77 0.797766 0.801705 0.000570273
78 0.798056 0.801658 0.000564854
79 0.802838 0.801673 0.000557858
80 0.806292 0.801731 0.000553859
81 0.805097 0.801772 0.000548555
82 0.793671 0.801673 0.000550757
83 0.807136 0.801739 0.000548048
84 0.795747 0.801668 0.000546162
85 0.809425 0.801759 0.000547359
86 0.79807 0.801716 0.000542655
87 0.800263 0.8017 0.000536642
88 0.80621 0.801751 0.000532979
89 0.804341 0.80178 0.000527759
90 0.801994 0.801782 0.000521868
91 0.798272 0.801744 0.000517541
92 0.809413 0.801827 0.000518627
93 0.792795 0.80173 0.000522133
94 0.808136 0.801798 0.000521024
95 0.799602 0.801775 0.000516029
96 0.798338 0.801739 0.000511878
97 0.80538 0.801777 0.000507963
98 0.800561 0.801764 0.000502906
99 0.799823 0.801745 0.000498186
100 0.801674 0.801744 0.000493179
