1 1.44132 1.44132 0
2 1.43334 1.43733 0.00399205
3 1.39541 1.42336 0.0141631
4 1.41489 1.42124 0.0102359
5 1.46551 1.43009 0.0118847
6 1.49204 1.44042 0.0141684
7 1.45713 1.44281 0.0122102
8 1.42258 1.44028 0.0108723
9 1.43738 1.43996 0.0095939
10 1.45206 1.44117 0.00866597
11 1.4449 1.44151 0.00784599
12 1.44143 1.4415 0.00716238
13 1.46937 1.44364 0.00692847
14 1.44895 1.44402 0.00642571
15 1.40216 1.44123 0.00660102
16 1.46699 1.44284 0.00638113
17 1.44245 1.44282 0.00599407
18 1.45837 1.44368 0.00571691
19 1.43606 1.44328 0.0054225
20 1.41373 1.4418 0.00535219
21 1.47148 1.44322 0.00528339
22 1.46505 1.44421 0.00513435
23 1.4442 1.44421 0.00490604
24 1.42822 1.44354 0.00474415
25 1.43598 1.44324 0.00456046
26 1.43057 1.44275 0.00440856
27 1.42109 1.44195 0.00431737
28 1.43995 1.44188 0.00416093
29 1.44874 1.44212 0.00402186
30 1.43861 1.442 0.00388724
31 1.42116 1.44133 0.00381936
32 1.43437 1.44111 0.00370447
33 1.41972 1.44046 0.00364848
34 1.44914 1.44072 0.00354873
35 1.4871 1.44204 0.00369192
36 1.44968 1.44225 0.00359416
37 1.46759 1.44294 0.00356209
38 1.42778 1.44254 0.00348997
39 1.42387 1.44206 0.00343285
40 1.46694 1.44268 0.00340323
41 1.49734 1.44402 0.00357685
42 1.43768 1.44386 0.00349391
43 1.44529 1.4439 0.00341185
44 1.46329 1.44434 0.0033624
45 1.43313 1.44409 0.00329625
46 1.40838 1.44331 0.00331595
47 1.44819 1.44342 0.00324629
48 1.44515 1.44345 0.00317815
49 1.40818 1.44273 0.00319476
50 1.47232 1.44332 0.00318566
51 1.43562 1.44317 0.00312623
52 1.4439 1.44319 0.00306555
53 1.43437 1.44302 0.00301175
54 1.45297 1.44321 0.00296118
55 1.44178 1.44318 0.00290696
56 1.42816 1.44291 0.00286715
57 1.44083 1.44287 0.00281664
58 1.4667 1.44329 0.00279798
59 1.41058 1.44273 0.00280547
60 1.44179 1.44272 0.00275836
61 1.46593 1.4431 0.00273933
62 1.44122 1.44307 0.00269496
63 1.43198 1.44289 0.00265766
64 1.4742 1.44338 0.00266115
65 1.47417 1.44385 0.00266237
66 1.47548 1.44433 0.00266515
67 1.45142 1.44444 0.0026272
68 1.43119 1.44424 0.0025956
69 1.40966 1.44374 0.00260635
70 1.45674 1.44393 0.00257555
71 1.45785 1.44412 0.00254657
72 1.48694 1.44472 0.0025804
73 1.4555 1.44487 0.00254909
74 1.46112 1.44509 0.00252398
75 1.45993 1.44528 0.00249795
76 1.48061 1.44575 0.00250831
77 1.43323 1.44559 0.00248085
78 1.44873 1.44563 0.00244917
79 1.41117 1.44519 0.00245699
80 1.46216 1.4454 0.00243534
81 1.42288 1.44512 0.00242111
82 1.44449 1.44512 0.00239141
83 1.43029 1.44494 0.00236917
84 1.44134 1.44489 0.00234118
85 1.44933 1.44495 0.00231407
86 1.42916 1.44476 0.00229436
87 1.45828 1.44492 0.00227315
88 1.47033 1.44521 0.00226564
89 1.48931 1.4457 0.00229419
90 1.45217 1.44577 0.00226969
91 1.44924 1.44581 0.00224494
92 1.43375 1.44568 0.00222427
93 1.4641 1.44588 0.00220912
94 1.39677 1.44536 0.00224707
95 1.4555 1.44546 0.00222586
96 1.45997 1.44561 0.00220772
97 1.46405 1.4458 0.0021931
98 1.45702 1.44592 0.00217362
99 1.46393 1.4461 0.00215923
100 1.42909 1.44593 0.00214429
