1 2.16199 2.16199 0
2 2.15001 2.156 0.00598808
3 2.09311 2.13504 0.0212447
4 2.12234 2.13186 0.0153538
5 2.19826 2.14514 0.017827
6 2.23806 2.16063 0.0212526
7 2.1857 2.16421 0.0183153
8 2.13388 2.16042 0.0163085
9 2.15607 2.15993 0.0143909
10 2.17809 2.16175 0.012999
11 2.16734 2.16226 0.011769
12 2.16214 2.16225 0.0107436
13 2.20405 2.16546 0.0103927
14 2.17342 2.16603 0.00963857
15 2.10324 2.16185 0.00990153
16 2.20049 2.16426 0.00957169
17 2.16367 2.16423 0.00899111
18 2.18755 2.16552 0.00857536
19 2.15409 2.16492 0.00813375
20 2.1206 2.1627 0.00802828
21 2.20721 2.16482 0.00792508
22 2.19758 2.16631 0.00770153
23 2.1663 2.16631 0.00735906
24 2.14234 2.16531 0.00711623
25 2.15398 2.16486 0.00684069
26 2.14586 2.16413 0.00661284
27 2.13163 2.16293 0.00647605
28 2.15993 2.16282 0.0062414
29 2.17311 2.16317 0.00603279
30 2.15792 2.163 0.00583086
31 2.13174 2.16199 0.00572904
32 2.15155 2.16166 0.0055567
33 2.12958 2.16069 0.00547272
34 2.1737 2.16107 0.0053231
35 2.23065 2.16306 0.00553788
36 2.17451 2.16338 0.00539124
37 2.20138 2.16441 0.00534314
38 2.14166 2.16381 0.00523496
39 2.13581 2.16309 0.00514927
40 2.2004 2.16402 0.00510484
41 2.246 2.16602 0.00536528
42 2.15652 2.1658 0.00524087
43 2.16793 2.16585 0.00511777
44 2.19493 2.16651 0.00504361
45 2.1497 2.16613 0.00494438
46 2.11257 2.16497 0.00497393
47 2.17229 2.16512 0.00486944
48 2.16772 2.16518 0.00476722
49 2.11227 2.1641 0.00479214
50 2.20848 2.16499 0.00477849
51 2.15343 2.16476 0.00468934
52 2.16584 2.16478 0.00459832
53 2.15156 2.16453 0.00451762
54 2.17945 2.16481 0.00444177
55 2.16267 2.16477 0.00436044
56 2.14223 2.16437 0.00430073
57 2.16125 2.16431 0.00422496
58 2.20005 2.16493 0.00419697
59 2.11587 2.1641 0.0042082
60 2.16268 2.16407 0.00413754
61 2.1989 2.16464 0.004109
62 2.16183 2.1646 0.00404243
63 2.14797 2.16433 0.00398649
64 2.21129 2.16507 0.00399172
65 2.21126 2.16578 0.00399356
66 2.21322 2.1665 0.00399773
67 2.17712 2.16666 0.0039408
68 2.14678 2.16636 0.0038934
69 2.11449 2.16561 0.00390953
70 2.1851 2.16589 0.00386332
71 2.18677 2.16618 0.00381986
72 2.2304 2.16708 0.0038706
73 2.18325 2.1673 0.00382363
74 2.19168 2.16763 0.00378597
75 2.1899 2.16792 0.00374693
76 2.22091 2.16862 0.00376246
77 2.14984 2.16838 0.00372128
78 2.1731 2.16844 0.00367376
79 2.11676 2.16778 0.00368548
80 2.19325 2.1681 0.00365302
81 2.13432 2.16769 0.00363166
82 2.16673 2.16767 0.00358712
83 2.14544 2.16741 0.00355375
84 2.16201 2.16734 0.00351178
85 2.17399 2.16742 0.0034711
86 2.14373 2.16714 0.00344154
87 2.18742 2.16738 0.00340973
88 2.20549 2.16781 0.00339846
89 2.23396 2.16855 0.00344128
90 2.17826 2.16866 0.00340454
91 2.17386 2.16872 0.00336741
92 2.15063 2.16852 0.0033364
93 2.19615 2.16882 0.00331368
94 2.09515 2.16804 0.00337061
95 2.18326 2.1682 0.00333879
96 2.18995 2.16842 0.00331159
97 2.19608 2.16871 0.00328965
98 2.18553 2.16888 0.00326043
99 2.1959 2.16915 0.00323885
100 2.14363 2.1689 0.00321643
