1 -4.73766 -4.73766 0
2 -4.72479 -4.73123 0.00643734
3 -4.66847 -4.71031 0.0212454
4 -4.69764 -4.70714 0.0153529
5 -4.77327 -4.72037 0.0177861
6 -4.81532 -4.73619 0.0214789
7 -4.76011 -4.73961 0.0184717
8 -4.71094 -4.73602 0.0163935
9 -4.73186 -4.73556 0.0144651
10 -4.75668 -4.73767 0.0131093
11 -4.74229 -4.73809 0.0118652
12 -4.73614 -4.73793 0.0108326
13 -4.77827 -4.74103 0.0104366
14 -4.7493 -4.74162 0.00968043
15 -4.6778 -4.73737 0.00996597
16 -4.77655 -4.73982 0.00963853
17 -4.73795 -4.73971 0.00905449
18 -4.76235 -4.74097 0.00862887
19 -4.72848 -4.74031 0.00818852
20 -4.69583 -4.73808 0.00808043
21 -4.78388 -4.74027 0.00798941
22 -4.77516 -4.74185 0.00778094
23 -4.74207 -4.74186 0.00743495
24 -4.7184 -4.74088 0.00718524
25 -4.72726 -4.74034 0.00691335
26 -4.7217 -4.73962 0.0066807
27 -4.70487 -4.73833 0.00655606
28 -4.73266 -4.73813 0.00632082
29 -4.74626 -4.73841 0.00610541
30 -4.73071 -4.73816 0.00590397
31 -4.70467 -4.73708 0.0058116
32 -4.7273 -4.73677 0.00563534
33 -4.70677 -4.73586 0.00553702
34 -4.74802 -4.73622 0.00538358
35 -4.80507 -4.73819 0.00558543
36 -4.74883 -4.73848 0.00543611
37 -4.77385 -4.73944 0.00537286
38 -4.71622 -4.73883 0.00526513
39 -4.71015 -4.73809 0.00518079
40 -4.7753 -4.73902 0.00513458
41 -4.82395 -4.74109 0.00541929
42 -4.73231 -4.74088 0.00529281
43 -4.74225 -4.74092 0.00516836
44 -4.7713 -4.74161 0.00509653
45 -4.72398 -4.74121 0.00499737
46 -4.68612 -4.74002 0.00503216
47 -4.7487 -4.7402 0.00492739
48 -4.7436 -4.74027 0.00482416
49 -4.68725 -4.73919 0.00484703
50 -4.78361 -4.74008 0.00483149
51 -4.72854 -4.73985 0.00474121
52 -4.74184 -4.73989 0.00464929
53 -4.72422 -4.73959 0.0045703
54 -4.75232 -4.73983 0.00449105
55 -4.73627 -4.73977 0.00440911
56 -4.7157 -4.73934 0.00435094
57 -4.73477 -4.73926 0.00427468
58 -4.778 -4.73992 0.00425311
59 -4.69063 -4.73909 0.00426307
60 -4.73889 -4.73908 0.00419142
61 -4.77395 -4.73966 0.00416157
62 -4.73805 -4.73963 0.00409398
63 -4.72394 -4.73938 0.00403617
64 -4.78824 -4.74014 0.0040453
65 -4.78833 -4.74089 0.00405099
66 -4.78836 -4.74161 0.00405346
67 -4.75235 -4.74177 0.00399572
68 -4.72399 -4.7415 0.0039452
69 -4.69111 -4.74077 0.00395562
70 -4.7617 -4.74107 0.00391015
71 -4.76118 -4.74136 0.00386508
72 -4.80405 -4.74223 0.00390921
73 -4.75867 -4.74245 0.00386186
74 -4.76605 -4.74277 0.00382264
75 -4.76512 -4.74307 0.00378308
76 -4.79457 -4.74375 0.00379399
77 -4.7251 -4.7435 0.00375222
78 -4.74968 -4.74358 0.00370464
79 -4.69215 -4.74293 0.00371495
80 -4.76664 -4.74323 0.00368016
81 -4.70824 -4.7428 0.00366003
82 -4.74279 -4.7428 0.00361512
83 -4.72094 -4.74253 0.00358099
84 -4.73639 -4.74246 0.00353886
85 -4.74811 -4.74253 0.00349761
86 -4.72159 -4.74228 0.00346526
87 -4.76193 -4.74251 0.00343264
88 -4.77836 -4.74292 0.00341777
89 -4.81125 -4.74368 0.00346528
90 -4.75344 -4.74379 0.00342827
91 -4.74888 -4.74385 0.00339085
92 -4.72578 -4.74365 0.00335954
93 -4.77188 -4.74396 0.00333705
94 -4.66796 -4.74315 0.00339891
95 -4.75962 -4.74332 0.00336741
96 -4.7668 -4.74357 0.00334111
97 -4.77504 -4.74389 0.00332237
98 -4.76231 -4.74408 0.00329367
99 -4.77303 -4.74437 0.00327332
100 -4.71974 -4.74412 0.00324976
