1 -2.57568 -2.57568 0
2 -2.57478 -2.57523 0.000449262
3 -2.57536 -2.57527 0.000263031
4 -2.5753 -2.57528 0.000186121
5 -2.57501 -2.57522 0.000154052
6 -2.57726 -2.57556 0.000362421
7 -2.57441 -2.5754 0.000348072
8 -2.57706 -2.57561 0.000366283
9 -2.57579 -2.57563 0.000323661
10 -2.5786 -2.57592 0.000414634
11 -2.57495 -2.57584 0.000385406
12 -2.574 -2.57568 0.00038358
13 -2.57422 -2.57557 0.000370394
14 -2.57588 -2.57559 0.000343634
15 -2.57456 -2.57552 0.000327182
16 -2.57606 -2.57556 0.000307899
17 -2.57428 -2.57548 0.000298811
18 -2.5748 -2.57544 0.000284228
19 -2.57438 -2.57539 0.000274591
20 -2.57523 -2.57538 0.000260622
21 -2.57667 -2.57544 0.000255376
22 -2.57758 -2.57554 0.000262172
23 -2.57577 -2.57555 0.000250719
24 -2.57606 -2.57557 0.000240993
25 -2.57328 -2.57548 0.000248597
26 -2.57585 -2.57549 0.00023926
27 -2.57324 -2.57541 0.000244828
28 -2.57273 -2.57531 0.000254555
29 -2.57314 -2.57524 0.000256756
30 -2.57279 -2.57516 0.000261155
31 -2.57293 -2.57509 0.000262619
32 -2.57575 -2.57511 0.000255121
33 -2.57719 -2.57517 0.000255212
34 -2.57431 -2.57514 0.000248872
35 -2.57442 -2.57512 0.000242538
36 -2.57432 -2.5751 0.000236758
37 -2.57247 -2.57503 0.000241021
38 -2.57456 -2.57502 0.000234925
39 -2.57434 -2.575 0.000229474
40 -2.5749 -2.575 0.000223679
41 -2.57795 -2.57507 0.000229709
42 -2.5758 -2.57509 0.000224844
43 -2.57432 -2.57507 0.000220281
44 -2.57637 -2.5751 0.000217247
45 -2.57428 -2.57508 0.000213144
46 -2.57355 -2.57505 0.000211109
47 -2.57641 -2.57508 0.00020858
48 -2.57588 -2.57509 0.000204882
49 -2.57498 -2.57509 0.000200671
50 -2.57513 -2.57509 0.000196619
51 -2.57512 -2.57509 0.000192725
52 -2.576 -2.57511 0.00018978
53 -2.57266 -2.57506 0.000191804
54 -2.57286 -2.57502 0.000192572
55 -2.5736 -2.575 0.000190788
56 -2.57346 -2.57497 0.000189346
57 -2.57353 -2.57494 0.000187708
58 -2.57794 -2.575 0.00019156
59 -2.57477 -2.57499 0.000188326
60 -2.57621 -2.57501 0.000186266
61 -2.57505 -2.57501 0.000183188
62 -2.57622 -2.57503 0.000181251
63 -2.57596 -2.57505 0.000178959
64 -2.57695 -2.57508 0.000178633
65 -2.57708 -2.57511 0.000178534
66 -2.57514 -2.57511 0.000175809
67 -2.57523 -2.57511 0.000173174
68 -2.5772 -2.57514 0.000173368
69 -2.57662 -2.57516 0.000172174
70 -2.5766 -2.57518 0.000170931
71 -2.57441 -2.57517 0.000168857
72 -2.57364 -2.57515 0.000167844
73 -2.57542 -2.57515 0.000165569
74 -2.57437 -2.57514 0.000163659
75 -2.57523 -2.57514 0.000161466
76 -2.57366 -2.57512 0.000160516
77 -2.57526 -2.57513 0.000158427
78 -2.57658 -2.57515 0.000157492
79 -2.57539 -2.57515 0.000155518
80 -2.57339 -2.57513 0.000155126
81 -2.57392 -2.57511 0.000153924
82 -2.57606 -2.57512 0.000152473
83 -2.5755 -2.57513 0.000150694
84 -2.57439 -2.57512 0.00014915
85 -2.57412 -2.57511 0.000147854
86 -2.57785 -2.57514 0.000149575
87 -2.5745 -2.57513 0.000148026
88 -2.57287 -2.57511 0.00014857
89 -2.57729 -2.57513 0.000148923
90 -2.57518 -2.57513 0.00014726
91 -2.57502 -2.57513 0.000145638
92 -2.57515 -2.57513 0.000144046
93 -2.57572 -2.57514 0.000142631
94 -2.57281 -2.57511 0.000143269
95 -2.57636 -2.57512 0.000142361
96 -2.57685 -2.57514 0.000142016
97 -2.57896 -2.57518 0.000145956
98 -2.57678 -2.5752 0.00014538
99 -2.57713 -2.57522 0.000145218
100 -2.57611 -2.57523 0.000144036
