1 -5.05347 -5.05347 0
2 -5.04107 -5.04727 0.00620093
3 -5.03774 -5.04409 0.00478547
4 -5.04548 -5.04444 0.00340162
5 -5.04292 -5.04414 0.00265239
6 -4.9991 -5.03663 0.00781171
7 -5.0206 -5.03434 0.00698785
8 -5.0358 -5.03452 0.00605438
9 -5.04277 -5.03544 0.00541753
10 -5.04388 -5.03628 0.00491855
11 -5.0198 -5.03479 0.00469452
12 -5.04165 -5.03536 0.0043235
13 -5.03969 -5.03569 0.00399099
14 -5.03921 -5.03594 0.00370348
15 -5.07632 -5.03864 0.00437422
16 -5.03543 -5.03843 0.00409662
17 -5.01825 -5.03725 0.00402717
18 -5.0604 -5.03853 0.00400887
19 -5.01441 -5.03726 0.00399895
20 -4.9997 -5.03539 0.00423313
21 -5.04155 -5.03568 0.00403718
22 -5.03723 -5.03575 0.00384994
23 -5.02834 -5.03543 0.00369281
24 -5.01665 -5.03464 0.00362116
25 -5.08531 -5.03667 0.00402133
26 -4.9949 -5.03506 0.00418434
27 -5.05028 -5.03563 0.00406563
28 -5.04926 -5.03612 0.00394785
29 -5.02918 -5.03588 0.00381679
30 -5.03071 -5.0357 0.00369139
31 -5.07832 -5.03708 0.00382581
32 -5.01438 -5.03637 0.00377164
33 -4.96555 -5.03422 0.00423893
34 -4.99598 -5.0331 0.00426342
35 -5.05686 -5.03378 0.00419511
36 -5.08189 -5.03511 0.00429038
37 -5.04047 -5.03526 0.00417532
38 -5.01793 -5.0348 0.00408946
39 -5.05984 -5.03544 0.00403463
40 -5.01152 -5.03485 0.00397768
41 -5.00434 -5.0341 0.00395018
42 -5.03211 -5.03405 0.00385527
43 -5.05163 -5.03446 0.00378667
44 -5.00437 -5.03378 0.00376228
45 -5.04909 -5.03412 0.00369343
46 -5.03621 -5.03416 0.00361253
47 -4.98976 -5.03322 0.00365891
48 -5.06862 -5.03396 0.00365702
49 -5.03335 -5.03395 0.00358163
50 -5.01738 -5.03361 0.00352488
51 -5.02574 -5.03346 0.00345852
52 -5.04869 -5.03375 0.00340398
53 -4.98537 -5.03284 0.00346167
54 -5.01533 -5.03252 0.0034124
55 -5.05196 -5.03287 0.00336839
56 -5.03811 -5.03296 0.00330902
57 -5.01752 -5.03269 0.00326171
58 -5.03086 -5.03266 0.00320514
59 -5.00046 -5.03211 0.00319728
60 -5.05488 -5.03249 0.00316637
61 -5.01507 -5.03221 0.0031271
62 -5.00172 -5.03172 0.00311531
63 -5.03125 -5.03171 0.00306547
64 -5.018 -5.03149 0.00302479
65 -5.00546 -5.03109 0.00300471
66 -4.99308 -5.03052 0.00301437
67 -5.00752 -5.03017 0.00298881
68 -5.06288 -5.03066 0.00298356
69 -5.0459 -5.03088 0.0029483
70 -5.03816 -5.03098 0.00290774
71 -4.99705 -5.0305 0.00290605
72 -5.03642 -5.03059 0.00286659
73 -5.03348 -5.03062 0.00282732
74 -5.04304 -5.03079 0.0027939
75 -5.03474 -5.03085 0.0027569
76 -5.06855 -5.03134 0.00276524
77 -5.013 -5.0311 0.00273946
78 -5.02373 -5.03101 0.00270576
79 -5.08455 -5.03169 0.00275593
80 -5.08648 -5.03237 0.00280612
81 -5.00848 -5.03208 0.00278692
82 -4.99382 -5.03161 0.00279197
83 -4.98569 -5.03106 0.00281307
84 -5.00106 -5.0307 0.00280223
85 -4.99325 -5.03026 0.00280389
86 -5.06035 -5.03061 0.0027931
87 -5.00539 -5.03032 0.00277598
88 -5.01062 -5.0301 0.00275337
89 -4.95951 -5.0293 0.00283544
90 -5.03267 -5.02934 0.00280401
91 -5.05126 -5.02958 0.00278347
92 -5.03746 -5.02967 0.00275438
93 -4.98043 -5.02914 0.00277557
94 -5.04689 -5.02933 0.00275237
95 -5.02909 -5.02932 0.00272324
96 -5.04229 -5.02946 0.00269811
97 -5.06346 -5.02981 0.00269306
98 -5.01156 -5.02962 0.00267193
99 -4.99412 -5.02926 0.00266901
100 -5.03521 -5.02932 0.00264285
