1 1.65901 1.65901 0
2 1.64799 1.6535 0.00551209
3 1.64386 1.65029 0.00452311
4 1.65171 1.65064 0.00321806
5 1.64892 1.6503 0.00251627
6 1.60696 1.64307 0.00750955
7 1.62792 1.64091 0.0067056
8 1.64147 1.64098 0.00580764
9 1.64935 1.64191 0.00520559
10 1.65005 1.64272 0.0047267
11 1.62285 1.64092 0.00464169
12 1.64481 1.64124 0.00424965
13 1.64524 1.64155 0.00392118
14 1.6434 1.64168 0.00363272
15 1.68041 1.64426 0.00425498
16 1.63876 1.64392 0.003995
17 1.62361 1.64272 0.00393828
18 1.6648 1.64395 0.00391031
19 1.62049 1.64272 0.00389945
20 1.60657 1.64091 0.0041173
21 1.64636 1.64117 0.00392491
22 1.64213 1.64121 0.00374252
23 1.63381 1.64089 0.00359057
24 1.62306 1.64015 0.00351709
25 1.68969 1.64213 0.00391241
26 1.60036 1.64052 0.00408789
27 1.65593 1.64109 0.00397478
28 1.6554 1.6416 0.00386414
29 1.63575 1.6414 0.00373398
30 1.63536 1.6412 0.00361298
31 1.68342 1.64256 0.00375045
32 1.62011 1.64186 0.00369853
33 1.57304 1.63978 0.00414723
34 1.60218 1.63867 0.00417256
35 1.66308 1.63937 0.00411117
36 1.68843 1.64073 0.00422136
37 1.64536 1.64085 0.00410758
38 1.62475 1.64043 0.00402043
39 1.66643 1.6411 0.00397232
40 1.61678 1.64049 0.00391916
41 1.61066 1.63976 0.00389102
42 1.63948 1.63976 0.00379725
43 1.65771 1.64017 0.00373133
44 1.61051 1.6395 0.00370737
45 1.6568 1.63988 0.00364439
46 1.64173 1.63992 0.00356451
47 1.59745 1.63902 0.00360298
48 1.67271 1.63972 0.0035963
49 1.63959 1.63972 0.00352214
50 1.62534 1.63943 0.00346294
51 1.63379 1.63932 0.00339616
52 1.65639 1.63965 0.00334636
53 1.59297 1.63877 0.00339873
54 1.61978 1.63842 0.00335369
55 1.65538 1.63872 0.00330656
56 1.64383 1.63882 0.00324826
57 1.62257 1.63853 0.00320348
58 1.63473 1.63847 0.00314844
59 1.60832 1.63795 0.00313652
60 1.66051 1.63833 0.00310662
61 1.62436 1.6381 0.00306385
62 1.60747 1.63761 0.00305425
63 1.63709 1.6376 0.00300539
64 1.62482 1.6374 0.00296478
65 1.61 1.63698 0.0029491
66 1.59906 1.6364 0.00296036
67 1.61535 1.63609 0.00293273
68 1.66624 1.63653 0.00292311
69 1.65156 1.63675 0.00288866
70 1.64378 1.63685 0.00284886
71 1.60099 1.63635 0.00285351
72 1.64038 1.6364 0.00281416
73 1.63536 1.63639 0.00277538
74 1.6494 1.63656 0.00274326
75 1.64221 1.63664 0.00270748
76 1.67442 1.63714 0.00271748
77 1.62045 1.63692 0.0026907
78 1.63081 1.63684 0.00265713
79 1.69013 1.63752 0.00270863
80 1.69121 1.63819 0.00275747
81 1.61425 1.63789 0.00273921
82 1.60088 1.63744 0.00274299
83 1.59421 1.63692 0.00275934
84 1.60936 1.63659 0.00274597
85 1.60146 1.63618 0.00274477
86 1.66531 1.63652 0.00273374
87 1.61152 1.63623 0.00271738
88 1.61581 1.636 0.00269632
89 1.56723 1.63522 0.00277555
90 1.64148 1.63529 0.00274542
91 1.65605 1.63552 0.00272465
92 1.64381 1.63561 0.00269638
93 1.58702 1.63509 0.00271791
94 1.65239 1.63527 0.00269513
95 1.63402 1.63526 0.00266664
96 1.64716 1.63538 0.00264163
97 1.66774 1.63572 0.00263545
98 1.61882 1.63554 0.00261411
99 1.60314 1.63522 0.00260819
100 1.64032 1.63527 0.00258248
