1 1.10601 1.10601 0
2 1.09866 1.10233 0.00367473
3 1.0959 1.10019 0.00301541
4 1.10114 1.10043 0.00214537
5 1.09928 1.1002 0.00167752
6 1.07131 1.09538 0.00500637
7 1.08528 1.09394 0.0044704
8 1.09431 1.09399 0.00387176
9 1.09957 1.09461 0.00347039
10 1.10004 1.09515 0.00315113
11 1.0819 1.09394 0.00309446
12 1.09654 1.09416 0.0028331
13 1.09683 1.09437 0.00261412
14 1.0956 1.09445 0.00242181
15 1.12028 1.09618 0.00283666
16 1.09251 1.09595 0.00266333
17 1.0824 1.09515 0.00262552
18 1.10987 1.09597 0.00260687
19 1.08033 1.09514 0.00259963
20 1.07104 1.09394 0.00274487
21 1.09757 1.09411 0.00261661
22 1.09476 1.09414 0.00249501
23 1.0892 1.09393 0.00239371
24 1.08204 1.09343 0.00234472
25 1.12646 1.09475 0.00260827
26 1.0669 1.09368 0.00272526
27 1.10396 1.09406 0.00264985
28 1.1036 1.0944 0.00257609
29 1.0905 1.09427 0.00248932
30 1.09024 1.09413 0.00240865
31 1.12228 1.09504 0.0025003
32 1.08007 1.09457 0.00246568
33 1.04869 1.09318 0.00276482
34 1.06812 1.09245 0.00278171
35 1.10872 1.09291 0.00274078
36 1.12562 1.09382 0.00281424
37 1.0969 1.0939 0.00273839
38 1.08317 1.09362 0.00268029
39 1.11095 1.09406 0.00264821
40 1.07786 1.09366 0.00261277
41 1.07377 1.09317 0.00259401
42 1.09298 1.09317 0.0025315
43 1.10514 1.09345 0.00248755
44 1.07367 1.093 0.00247158
45 1.10453 1.09326 0.00242959
46 1.09449 1.09328 0.00237634
47 1.06497 1.09268 0.00240199
48 1.11514 1.09315 0.00239753
49 1.09306 1.09315 0.00234809
50 1.08356 1.09295 0.00230863
51 1.08919 1.09288 0.00226411
52 1.10426 1.0931 0.0022309
53 1.06198 1.09251 0.00226582
54 1.07985 1.09228 0.00223579
55 1.10359 1.09248 0.00220438
56 1.09589 1.09254 0.00216551
57 1.08171 1.09235 0.00213565
58 1.08982 1.09231 0.00209896
59 1.07221 1.09197 0.00209101
60 1.107 1.09222 0.00207108
61 1.0829 1.09207 0.00204256
62 1.07165 1.09174 0.00203616
63 1.09139 1.09173 0.00200359
64 1.08321 1.0916 0.00197652
65 1.07333 1.09132 0.00196607
66 1.06604 1.09094 0.00197358
67 1.0769 1.09073 0.00195515
68 1.11083 1.09102 0.00194874
69 1.10104 1.09117 0.00192577
70 1.09585 1.09123 0.00189924
71 1.06733 1.0909 0.00190234
72 1.09358 1.09093 0.00187611
73 1.09024 1.09092 0.00185025
74 1.0996 1.09104 0.00182884
75 1.0948 1.09109 0.00180499
76 1.11628 1.09142 0.00181165
77 1.0803 1.09128 0.0017938
78 1.08721 1.09123 0.00177142
79 1.12676 1.09168 0.00180575
80 1.12747 1.09212 0.00183832
81 1.07616 1.09193 0.00182614
82 1.06725 1.09163 0.00182866
83 1.06281 1.09128 0.00183956
84 1.0729 1.09106 0.00183065
85 1.06764 1.09078 0.00182985
86 1.11021 1.09101 0.0018225
87 1.07434 1.09082 0.00181158
88 1.07721 1.09066 0.00179755
89 1.04482 1.09015 0.00185037
90 1.09432 1.0902 0.00183028
91 1.10403 1.09035 0.00181643
92 1.09587 1.09041 0.00179758
93 1.05802 1.09006 0.00181194
94 1.10159 1.09018 0.00179675
95 1.08935 1.09017 0.00177776
96 1.0981 1.09026 0.00176109
97 1.11183 1.09048 0.00175696
98 1.07921 1.09036 0.00174274
99 1.06876 1.09015 0.00173879
100 1.09355 1.09018 0.00172165
