1 -3.39446 -3.39446 0
2 -3.39308 -3.39377 0.000688842
3 -3.39389 -3.39381 0.000399581
4 -3.39377 -3.3938 0.000282676
5 -3.394 -3.39384 0.000222475
6 -3.39215 -3.39356 0.000335837
7 -3.39268 -3.39343 0.00031028
8 -3.39433 -3.39354 0.000291103
9 -3.39342 -3.39353 0.000257086
10 -3.39383 -3.39356 0.000231856
11 -3.39696 -3.39387 0.000373289
12 -3.39684 -3.39412 0.000421365
13 -3.39445 -3.39414 0.000388465
14 -3.39581 -3.39426 0.000378869
15 -3.39591 -3.39437 0.000369395
16 -3.39666 -3.39451 0.000374076
17 -3.39464 -3.39452 0.00035146
18 -3.3956 -3.39458 0.000336773
19 -3.39392 -3.39455 0.000320467
20 -3.39314 -3.39448 0.000312091
21 -3.39519 -3.39451 0.0002988
22 -3.39509 -3.39454 0.000286112
23 -3.39454 -3.39454 0.00027339
24 -3.39359 -3.3945 0.000264717
25 -3.39562 -3.39454 0.000257877
26 -3.39454 -3.39454 0.00024776
27 -3.39435 -3.39454 0.000238518
28 -3.39385 -3.39451 0.000231131
29 -3.39343 -3.39447 0.000226109
30 -3.39535 -3.3945 0.000220376
31 -3.3949 -3.39452 0.000213535
32 -3.39427 -3.39451 0.000206899
33 -3.39251 -3.39445 0.000209451
34 -3.3938 -3.39443 0.000204101
35 -3.39378 -3.39441 0.000199042
36 -3.39346 -3.39438 0.000195217
37 -3.39511 -3.3944 0.000190889
38 -3.39318 -3.39437 0.00018857
39 -3.39341 -3.39435 0.000185322
40 -3.39474 -3.39436 0.000180894
41 -3.39368 -3.39434 0.000177195
42 -3.39263 -3.3943 0.000177657
43 -3.39392 -3.39429 0.000173702
44 -3.39387 -3.39428 0.000169979
45 -3.39229 -3.39424 0.000171953
46 -3.39449 -3.39424 0.000168261
47 -3.3923 -3.3942 0.000169721
48 -3.39591 -3.39424 0.000169912
49 -3.39377 -3.39423 0.000166685
50 -3.39204 -3.39418 0.000169096
51 -3.39195 -3.39414 0.00017141
52 -3.3923 -3.3941 0.000171774
53 -3.3924 -3.39407 0.000171527
54 -3.39556 -3.3941 0.000170552
55 -3.39658 -3.39414 0.000173406
56 -3.39427 -3.39415 0.000170296
57 -3.39496 -3.39416 0.000167884
58 -3.39612 -3.39419 0.000168401
59 -3.39214 -3.39416 0.000169148
60 -3.39438 -3.39416 0.000166345
61 -3.39071 -3.39411 0.000173115
62 -3.39425 -3.39411 0.000170315
63 -3.39416 -3.39411 0.000167592
64 -3.39317 -3.3941 0.0001656
65 -3.39547 -3.39412 0.000164389
66 -3.39402 -3.39411 0.000161885
67 -3.39217 -3.39409 0.000162065
68 -3.39664 -3.39412 0.000164035
69 -3.39434 -3.39413 0.00016167
70 -3.39438 -3.39413 0.000159384
71 -3.39606 -3.39416 0.000159459
72 -3.39604 -3.39418 0.000159396
73 -3.39812 -3.39424 0.000166187
74 -3.39364 -3.39423 0.000164124
75 -3.39253 -3.39421 0.000163491
76 -3.39412 -3.39421 0.00016133
77 -3.39255 -3.39418 0.000160664
78 -3.39292 -3.39417 0.000159413
79 -3.39442 -3.39417 0.000157414
80 -3.39527 -3.39419 0.000156041
81 -3.39423 -3.39419 0.000154104
82 -3.39295 -3.39417 0.000152962
83 -3.39148 -3.39414 0.000154547
84 -3.3917 -3.39411 0.000155427
85 -3.3918 -3.39408 0.000155975
86 -3.39504 -3.39409 0.000154551
87 -3.39388 -3.39409 0.000152785
88 -3.39481 -3.3941 0.000151259
89 -3.39227 -3.39408 0.000150951
90 -3.39119 -3.39405 0.000152686
91 -3.39521 -3.39406 0.000151541
92 -3.39365 -3.39405 0.00014995
93 -3.3934 -3.39405 0.000148494
94 -3.3945 -3.39405 0.000146985
95 -3.39507 -3.39406 0.000145823
96 -3.39513 -3.39407 0.000144723
97 -3.39573 -3.39409 0.000144232
98 -3.39275 -3.39408 0.000143412
99 -3.39098 -3.39405 0.000145363
100 -3.39489 -3.39405 0.000144147
